[01-May-2024 21:59:14] NOTICE: fpm is running, pid 3092
[01-May-2024 21:59:14] NOTICE: ready to handle connections
[01-May-2024 22:02:27] NOTICE: Terminating ...
[01-May-2024 22:02:27] NOTICE: Terminating ...
[01-May-2024 22:02:27] NOTICE: exiting, bye-bye!
[01-May-2024 22:03:39] NOTICE: fpm is running, pid 3318
[01-May-2024 22:03:39] NOTICE: ready to handle connections
[01-May-2024 23:00:24] NOTICE: Terminating ...
[01-May-2024 23:00:24] NOTICE: exiting, bye-bye!
[03-May-2024 06:07:39] NOTICE: fpm is running, pid 787
[03-May-2024 06:07:39] NOTICE: ready to handle connections
[03-May-2024 06:34:10] NOTICE: Terminating ...
[03-May-2024 06:34:10] NOTICE: exiting, bye-bye!
[04-May-2024 05:28:24] NOTICE: fpm is running, pid 783
[04-May-2024 05:28:24] NOTICE: ready to handle connections
[04-May-2024 20:13:10] NOTICE: Terminating ...
[04-May-2024 20:13:10] NOTICE: Terminating ...
[04-May-2024 20:13:10] NOTICE: exiting, bye-bye!
[05-May-2024 08:10:00] NOTICE: fpm is running, pid 1937
[05-May-2024 08:10:00] NOTICE: ready to handle connections
[05-May-2024 21:34:38] NOTICE: Terminating ...
[05-May-2024 21:34:38] NOTICE: Terminating ...
[05-May-2024 21:34:38] NOTICE: exiting, bye-bye!
[06-May-2024 14:24:16] NOTICE: fpm is running, pid 749
[06-May-2024 14:24:16] NOTICE: ready to handle connections
[06-May-2024 20:23:46] NOTICE: Terminating ...
[06-May-2024 20:23:46] NOTICE: Terminating ...
[06-May-2024 20:23:46] NOTICE: exiting, bye-bye!
[08-May-2024 19:31:37] NOTICE: fpm is running, pid 737
[08-May-2024 19:31:37] NOTICE: ready to handle connections
[08-May-2024 22:05:24] NOTICE: Terminating ...
[08-May-2024 22:05:24] NOTICE: Terminating ...
[08-May-2024 22:05:24] NOTICE: exiting, bye-bye!
[13-May-2024 09:52:22] NOTICE: fpm is running, pid 734
[13-May-2024 09:52:22] NOTICE: ready to handle connections
[13-May-2024 13:01:46] NOTICE: Terminating ...
[13-May-2024 13:01:46] NOTICE: Terminating ...
[13-May-2024 13:01:46] NOTICE: exiting, bye-bye!
[13-May-2024 18:13:46] NOTICE: fpm is running, pid 670
[13-May-2024 18:13:46] NOTICE: ready to handle connections
[13-May-2024 18:31:44] NOTICE: Terminating ...
[13-May-2024 18:31:44] NOTICE: exiting, bye-bye!
[13-May-2024 19:38:40] NOTICE: fpm is running, pid 764
[13-May-2024 19:38:40] NOTICE: ready to handle connections
[13-May-2024 20:48:20] NOTICE: Terminating ...
[13-May-2024 20:48:20] NOTICE: exiting, bye-bye!
[18-May-2024 09:20:11] NOTICE: fpm is running, pid 1194
[18-May-2024 09:20:11] NOTICE: ready to handle connections
[18-May-2024 21:44:06] NOTICE: Terminating ...
[18-May-2024 21:44:06] NOTICE: Terminating ...
[18-May-2024 21:44:06] NOTICE: exiting, bye-bye!
[19-May-2024 09:36:37] NOTICE: fpm is running, pid 744
[19-May-2024 09:36:37] NOTICE: ready to handle connections
[19-May-2024 16:30:08] NOTICE: Terminating ...
[19-May-2024 16:30:08] NOTICE: Terminating ...
[19-May-2024 16:30:08] NOTICE: exiting, bye-bye!
[19-May-2024 17:18:25] NOTICE: fpm is running, pid 729
[19-May-2024 17:18:25] NOTICE: ready to handle connections
[19-May-2024 19:47:13] NOTICE: Terminating ...
[19-May-2024 19:47:13] NOTICE: Terminating ...
[19-May-2024 19:47:13] NOTICE: exiting, bye-bye!
[20-May-2024 18:31:09] NOTICE: fpm is running, pid 722
[20-May-2024 18:31:09] NOTICE: ready to handle connections
[20-May-2024 20:54:16] NOTICE: Terminating ...
[20-May-2024 20:54:16] NOTICE: exiting, bye-bye!
[22-May-2024 20:12:05] NOTICE: fpm is running, pid 885
[22-May-2024 20:12:05] NOTICE: ready to handle connections
[22-May-2024 21:58:10] NOTICE: Terminating ...
[22-May-2024 21:58:10] NOTICE: Terminating ...
[22-May-2024 21:58:10] NOTICE: exiting, bye-bye!
[23-May-2024 08:21:12] NOTICE: fpm is running, pid 717
[23-May-2024 08:21:12] NOTICE: ready to handle connections
[23-May-2024 20:34:04] NOTICE: Terminating ...
[23-May-2024 20:34:04] NOTICE: Terminating ...
[23-May-2024 20:34:04] NOTICE: exiting, bye-bye!
[23-May-2024 20:42:31] NOTICE: fpm is running, pid 1906
[23-May-2024 20:42:31] NOTICE: ready to handle connections
[23-May-2024 21:19:05] NOTICE: Terminating ...
[23-May-2024 21:19:05] NOTICE: Terminating ...
[23-May-2024 21:19:05] NOTICE: exiting, bye-bye!
[24-May-2024 19:31:04] NOTICE: fpm is running, pid 762
[24-May-2024 19:31:04] NOTICE: ready to handle connections
[26-May-2024 21:38:23] NOTICE: Terminating ...
[26-May-2024 21:38:23] NOTICE: Terminating ...
[26-May-2024 21:38:23] NOTICE: exiting, bye-bye!
[31-May-2024 20:11:27] NOTICE: fpm is running, pid 751
[31-May-2024 20:11:27] NOTICE: ready to handle connections
[02-Jun-2024 09:21:51] NOTICE: Terminating ...
[02-Jun-2024 09:21:51] NOTICE: Terminating ...
[02-Jun-2024 09:21:51] NOTICE: exiting, bye-bye!
[02-Jun-2024 19:04:01] NOTICE: fpm is running, pid 1069
[02-Jun-2024 19:04:01] NOTICE: ready to handle connections
[02-Jun-2024 19:04:05] NOTICE: Terminating ...
[02-Jun-2024 19:04:05] NOTICE: Terminating ...
[02-Jun-2024 19:04:05] NOTICE: exiting, bye-bye!
[02-Jun-2024 19:04:16] NOTICE: fpm is running, pid 1132
[02-Jun-2024 19:04:16] NOTICE: ready to handle connections
[02-Jun-2024 19:05:03] ERROR: Another FPM instance seems to already listen on /Users/joshuawaheed/Library/Application Support/Local/run/KXLJ0-nNd/php/php-fpm.socket
[02-Jun-2024 19:05:03] ERROR: FPM initialization failed
[02-Jun-2024 19:05:04] ERROR: Another FPM instance seems to already listen on /Users/joshuawaheed/Library/Application Support/Local/run/KXLJ0-nNd/php/php-fpm.socket
[02-Jun-2024 19:05:04] ERROR: FPM initialization failed
[02-Jun-2024 19:05:04] ERROR: Another FPM instance seems to already listen on /Users/joshuawaheed/Library/Application Support/Local/run/KXLJ0-nNd/php/php-fpm.socket
[02-Jun-2024 19:05:04] ERROR: FPM initialization failed
[02-Jun-2024 19:05:05] ERROR: Another FPM instance seems to already listen on /Users/joshuawaheed/Library/Application Support/Local/run/KXLJ0-nNd/php/php-fpm.socket
[02-Jun-2024 19:05:05] ERROR: FPM initialization failed
[08-Jun-2024 07:49:19] NOTICE: fpm is running, pid 804
[08-Jun-2024 07:49:19] NOTICE: ready to handle connections
